<?xml version="1.0" encoding="UTF-8"?>
<!-- Generated by org.testng.reporters.JUnitXMLReporter -->
<testsuite ignored="0" hostname="DESKTOP-QBF8APR" failures="0" tests="5" name="Test" time="26.814" errors="0" timestamp="2024-09-10T12:09:31 IST">
  <testcase classname="testCases.TC001_Login" name="testSuccessfulLogin" time="7.809"/>
  <testcase classname="testCases.TC001_Login" name="InvalidPassword" time="3.272"/>
  <testcase classname="testCases.TC001_Login" name="InvalidEmail" time="3.169"/>
  <testcase classname="testCases.TC001_Login" name="Blankfield" time="2.449"/>
  <testcase classname="testCases.TC001_Login" name="Specialchar" time="2.785"/>
</testsuite> <!-- Test -->
