<?xml version="1.0" encoding="UTF-8"?>
<testng-results ignored="0" total="5" passed="5" failed="0" skipped="0">
  <reporter-output>
  </reporter-output>
  <suite started-at="2024-09-10T12:09:03 IST" name="Suite" finished-at="2024-09-10T12:09:29 IST" duration-ms="26814">
    <groups>
    </groups>
    <test started-at="2024-09-10T12:09:03 IST" name="Test" finished-at="2024-09-10T12:09:29 IST" duration-ms="26814">
      <class name="testCases.TC001_Login">
        <test-method is-config="true" signature="setup(java.lang.String,java.lang.String)[pri:0, instance:testCases.TC001_Login@184497d1]" started-at="2024-09-10T12:09:03 IST" name="setup" finished-at="2024-09-10T12:09:10 IST" duration-ms="6615" status="PASS">
          <params>
            <param index="0">
              <value>
                <![CDATA[windows]]>
              </value>
            </param>
            <param index="1">
              <value>
                <![CDATA[chrome]]>
              </value>
            </param>
          </params>
          <reporter-output>
          </reporter-output>
        </test-method> <!-- setup -->
        <test-method signature="testSuccessfulLogin()[pri:1, instance:testCases.TC001_Login@184497d1]" started-at="2024-09-10T12:09:10 IST" name="testSuccessfulLogin" finished-at="2024-09-10T12:09:17 IST" duration-ms="7809" status="PASS">
          <reporter-output>
          </reporter-output>
        </test-method> <!-- testSuccessfulLogin -->
        <test-method signature="InvalidPassword()[pri:2, instance:testCases.TC001_Login@184497d1]" started-at="2024-09-10T12:09:18 IST" name="InvalidPassword" finished-at="2024-09-10T12:09:21 IST" duration-ms="3272" status="PASS">
          <reporter-output>
          </reporter-output>
        </test-method> <!-- InvalidPassword -->
        <test-method signature="InvalidEmail()[pri:3, instance:testCases.TC001_Login@184497d1]" started-at="2024-09-10T12:09:21 IST" name="InvalidEmail" finished-at="2024-09-10T12:09:24 IST" duration-ms="3169" status="PASS">
          <reporter-output>
          </reporter-output>
        </test-method> <!-- InvalidEmail -->
        <test-method signature="Blankfield()[pri:4, instance:testCases.TC001_Login@184497d1]" started-at="2024-09-10T12:09:24 IST" name="Blankfield" finished-at="2024-09-10T12:09:26 IST" duration-ms="2449" status="PASS">
          <reporter-output>
          </reporter-output>
        </test-method> <!-- Blankfield -->
        <test-method signature="Specialchar()[pri:5, instance:testCases.TC001_Login@184497d1]" started-at="2024-09-10T12:09:26 IST" name="Specialchar" finished-at="2024-09-10T12:09:29 IST" duration-ms="2785" status="PASS">
          <reporter-output>
          </reporter-output>
        </test-method> <!-- Specialchar -->
        <test-method is-config="true" signature="tearDown()[pri:0, instance:testCases.TC001_Login@184497d1]" started-at="2024-09-10T12:09:29 IST" name="tearDown" finished-at="2024-09-10T12:09:29 IST" duration-ms="289" status="PASS">
          <reporter-output>
          </reporter-output>
        </test-method> <!-- tearDown -->
      </class> <!-- testCases.TC001_Login -->
    </test> <!-- Test -->
  </suite> <!-- Suite -->
</testng-results>
